0 info it worked if it ends with ok
1 verbose cli [ 'D:\\nodeJS\\node.exe',
1 verbose cli   'C:\\Users\\Freelancer\\AppData\\Roaming\\npm\\node_modules\\npm\\bin\\npm-cli.js',
1 verbose cli   'start' ]
2 info using npm@4.1.1
3 info using node@v7.4.0
4 verbose run-script [ 'prestart', 'start', 'poststart' ]
5 info lifecycle moduleandnode@1.0.0~prestart: moduleandnode@1.0.0
6 silly lifecycle moduleandnode@1.0.0~prestart: no script for prestart, continuing
7 info lifecycle moduleandnode@1.0.0~start: moduleandnode@1.0.0
8 verbose lifecycle moduleandnode@1.0.0~start: unsafe-perm in lifecycle true
9 verbose lifecycle moduleandnode@1.0.0~start: PATH: C:\Users\Freelancer\AppData\Roaming\npm\node_modules\npm\bin\node-gyp-bin;C:\Users\Freelancer\Desktop\CS546 Web Programming\homeworks\lab2\node_modules\.bin;C:\ProgramData\Oracle\Java\javapath;.;C:\Program Files\Java\jdk1.8.0_101\bin;C:\Program Files\Java\jdk1.8.0_101\jre\bin;D:\Qt\5.7\mingw53_32\bin;D:\Qt\5.7\mingw53_32\bin;C:\ProgramData\Oracle\Java\javapath;.;C:\Program Files\Java\jdk1.8.0_101\bin;C:\Program Files\Java\jdk1.8.0_101\jre\bin;D:\Qt\5.7\mingw53_32\bin;D:\Qt\5.7\mingw53_32\bin;C:\ProgramData\Oracle\Java\javapath;.;C:\Program Files\Java\jdk1.8.0_101\bin;C:\Program Files\Java\jdk1.8.0_101\jre\bin;D:\Qt\5.7\mingw53_32\bin;D:\Qt\5.7\mingw53_32\bin;C:\Windows\System32;D:\nodeJS\;D:\nodeJS\;D:\nodeJS\;C:\Windows\system32;C:\Windows;C:\Windows\System32\Wbem;C:\Windows\System32\WindowsPowerShell\v1.0\;D:\Program Files\proeWildfire 5.0\bin;C:\Users\Freelancer\AppData\Roaming\npm;D:\Microsoft VS Code\bin
10 verbose lifecycle moduleandnode@1.0.0~start: CWD: C:\Users\Freelancer\Desktop\CS546 Web Programming\homeworks\lab2
11 silly lifecycle moduleandnode@1.0.0~start: Args: [ '/d /s /c', 'node index.js' ]
12 silly lifecycle moduleandnode@1.0.0~start: Returned: code: 1  signal: null
13 info lifecycle moduleandnode@1.0.0~start: Failed to exec start script
14 verbose stack Error: moduleandnode@1.0.0 start: `node index.js`
14 verbose stack Exit status 1
14 verbose stack     at EventEmitter.<anonymous> (C:\Users\Freelancer\AppData\Roaming\npm\node_modules\npm\lib\utils\lifecycle.js:279:16)
14 verbose stack     at emitTwo (events.js:106:13)
14 verbose stack     at EventEmitter.emit (events.js:191:7)
14 verbose stack     at ChildProcess.<anonymous> (C:\Users\Freelancer\AppData\Roaming\npm\node_modules\npm\lib\utils\spawn.js:40:14)
14 verbose stack     at emitTwo (events.js:106:13)
14 verbose stack     at ChildProcess.emit (events.js:191:7)
14 verbose stack     at maybeClose (internal/child_process.js:885:16)
14 verbose stack     at Process.ChildProcess._handle.onexit (internal/child_process.js:226:5)
15 verbose pkgid moduleandnode@1.0.0
16 verbose cwd C:\Users\Freelancer\Desktop\CS546 Web Programming\homeworks\lab2
17 error Windows_NT 6.1.7601
18 error argv "D:\\nodeJS\\node.exe" "C:\\Users\\Freelancer\\AppData\\Roaming\\npm\\node_modules\\npm\\bin\\npm-cli.js" "start"
19 error node v7.4.0
20 error npm  v4.1.1
21 error code ELIFECYCLE
22 error moduleandnode@1.0.0 start: `node index.js`
22 error Exit status 1
23 error Failed at the moduleandnode@1.0.0 start script 'node index.js'.
23 error Make sure you have the latest version of node.js and npm installed.
23 error If you do, this is most likely a problem with the moduleandnode package,
23 error not with npm itself.
23 error Tell the author that this fails on your system:
23 error     node index.js
23 error You can get information on how to open an issue for this project with:
23 error     npm bugs moduleandnode
23 error Or if that isn't available, you can get their info via:
23 error     npm owner ls moduleandnode
23 error There is likely additional logging output above.
24 verbose exit [ 1, true ]
